from: 2972534216
to: 4294967295
channel: 179
decoded {
  portnum: NODEINFO_APP
  payload: "id: \"!b12d45c8\" long_name: \"Inigo\" short_name: \"INI\" hw_model: PRIVATE_HW"
}
id: 2223993057
hop_limit: 3

from: 2972534216
to: 4294967295
channel: 179
decoded {
  portnum: POSITION_APP
  payload: "latitude_i: 0 longitude_i: 0 altitude: 0 time: 1766847237"
  want_response: true
}
id: 2223993058
hop_limit: 3

from: 2972534216
to: 4294967295
channel: 179
decoded {
  portnum: TEXT_MESSAGE_APP
  payload: "Soy Inigo"
}
id: 2223993059
hop_limit: 3

from: 2972534216
to: 4294967295
channel: 179
decoded {
  portnum: NODEINFO_APP
  payload: "id: \"!b12d45c8\" long_name: \"Inigo\" short_name: \"INI\" hw_model: PRIVATE_HW"
}
id: 645622579
hop_limit: 3

from: 2972534216
to: 4294967295
channel: 179
decoded {
  portnum: POSITION_APP
  payload: "latitude_i: 0 longitude_i: 0 altitude: 0 time: 1766853244"
  want_response: true
}
id: 645622580
hop_limit: 3

from: 2972534216
to: 4294967295
channel: 179
decoded {
  portnum: TEXT_MESSAGE_APP
  payload: "Soy Inigo"
}
id: 645622581
hop_limit: 3

from: 2972534216
to: 4294967295
channel: 179
decoded {
  portnum: NODEINFO_APP
  payload: "id: \"!b12d45c8\" long_name: \"Inigo\" short_name: \"INI\" hw_model: PRIVATE_HW"
}
id: 934530674
hop_limit: 3

from: 2972534216
to: 4294967295
channel: 179
decoded {
  portnum: POSITION_APP
  payload: "latitude_i: 0 longitude_i: 0 altitude: 0 time: 1766853258"
  want_response: true
}
id: 934530675
hop_limit: 3

from: 2972534216
to: 4294967295
channel: 179
decoded {
  portnum: TEXT_MESSAGE_APP
  payload: "Soy Inigo"
}
id: 934530676
hop_limit: 3

from: 2972534216
to: 4294967295
channel: 179
decoded {
  portnum: NODEINFO_APP
  payload: "id: \"!b12d45c8\" long_name: \"Inigo\" short_name: \"INI\" hw_model: PRIVATE_HW"
}
id: 3424818797
hop_limit: 3

from: 2972534216
to: 4294967295
channel: 179
decoded {
  portnum: POSITION_APP
  payload: "latitude_i: 0 longitude_i: 0 altitude: 0 time: 1766853288"
  want_response: true
}
id: 3424818798
hop_limit: 3

from: 2972534216
to: 4294967295
channel: 179
decoded {
  portnum: TEXT_MESSAGE_APP
  payload: "Soy Inigo"
}
id: 3424818799
hop_limit: 3

from: 2972534216
to: 4294967295
channel: 179
decoded {
  portnum: NODEINFO_APP
  payload: "id: \"!b12d45c8\" long_name: \"Inigo\" short_name: \"INI\" hw_model: PRIVATE_HW"
}
id: 714587306
hop_limit: 3

from: 2972534216
to: 4294967295
channel: 179
decoded {
  portnum: POSITION_APP
  payload: "latitude_i: 0 longitude_i: 0 altitude: 0 time: 1766853587"
  want_response: true
}
id: 714587307
hop_limit: 3

from: 2972534216
to: 4294967295
channel: 179
decoded {
  portnum: TEXT_MESSAGE_APP
  payload: "Soy Inigo"
}
id: 714587308
hop_limit: 3

from: 2972534216
to: 4294967295
channel: 179
decoded {
  portnum: NODEINFO_APP
  payload: "id: \"!b12d45c8\" long_name: \"Inigo\" short_name: \"INI\" hw_model: PRIVATE_HW"
}
id: 2541113973
hop_limit: 3

from: 2972534216
to: 4294967295
channel: 179
decoded {
  portnum: POSITION_APP
  payload: "latitude_i: 0 longitude_i: 0 altitude: 0 time: 1766853948"
  want_response: true
}
id: 2541113974
hop_limit: 3

from: 2972534216
to: 4294967295
channel: 179
decoded {
  portnum: TEXT_MESSAGE_APP
  payload: "Soy Inigo"
}
id: 2541113975
hop_limit: 3

from: 2972534216
to: 4294967295
channel: 179
decoded {
  portnum: NODEINFO_APP
  payload: "id: \"!b12d45c8\" long_name: \"Inigo\" short_name: \"INI\" hw_model: PRIVATE_HW"
}
id: 3768804462
hop_limit: 3

from: 2972534216
to: 4294967295
channel: 179
decoded {
  portnum: POSITION_APP
  payload: "latitude_i: 0 longitude_i: 0 altitude: 0 time: 1766854126"
  want_response: true
}
id: 3768804463
hop_limit: 3

from: 2972534216
to: 4294967295
channel: 179
decoded {
  portnum: TEXT_MESSAGE_APP
  payload: "Soy Inigo"
}
id: 3768804464
hop_limit: 3

from: 2972534216
to: 4294967295
channel: 179
decoded {
  portnum: NODEINFO_APP
  payload: "id: \"!b12d45c8\" long_name: \"Inigo\" short_name: \"INI\" hw_model: PRIVATE_HW"
}
id: 987251971
hop_limit: 3

from: 2972534216
to: 4294967295
channel: 179
decoded {
  portnum: POSITION_APP
  payload: "latitude_i: 0 longitude_i: 0 altitude: 0 time: 1766854147"
  want_response: true
}
id: 987251972
hop_limit: 3

from: 2972534216
to: 4294967295
channel: 179
decoded {
  portnum: TEXT_MESSAGE_APP
  payload: "Soy Inigo"
}
id: 987251973
hop_limit: 3

from: 2972534216
to: 4294967295
channel: 179
decoded {
  portnum: NODEINFO_APP
  payload: "id: \"!b12d45c8\" long_name: \"Inigo\" short_name: \"INI\" hw_model: PRIVATE_HW"
}
id: 3933031002
hop_limit: 3

from: 2972534216
to: 4294967295
channel: 179
decoded {
  portnum: POSITION_APP
  payload: "latitude_i: 0 longitude_i: 0 altitude: 0 time: 1766854264"
  want_response: true
}
id: 3933031003
hop_limit: 3

from: 2972534216
to: 4294967295
channel: 179
decoded {
  portnum: NODEINFO_APP
  payload: "id: \"!b12d45c8\" long_name: \"Inigo\" short_name: \"INI\" hw_model: PRIVATE_HW"
}
id: 607054636
hop_limit: 3

from: 2972534216
to: 4294967295
channel: 179
decoded {
  portnum: POSITION_APP
  payload: "latitude_i: 0 longitude_i: 0 altitude: 0 time: 1766854780"
  want_response: true
}
id: 607054637
hop_limit: 3

from: 2972534216
to: 4294967295
channel: 179
decoded {
  portnum: TEXT_MESSAGE_APP
  payload: "Soy Inigo"
}
id: 607054638
hop_limit: 3

from: 2972534216
to: 4294967295
channel: 179
decoded {
  portnum: NODEINFO_APP
  payload: "id: \"!b12d45c8\" long_name: \"Inigo\" short_name: \"INI\" hw_model: PRIVATE_HW"
}
id: 4024039645
hop_limit: 3

from: 2972534216
to: 4294967295
channel: 179
decoded {
  portnum: POSITION_APP
  payload: "latitude_i: 0 longitude_i: 0 altitude: 0 time: 1766854792"
  want_response: true
}
id: 4024039646
hop_limit: 3

from: 3406996025
to: 4294967295
channel: 179
decoded {
  portnum: NODEINFO_APP
  payload: "id: \"!cb12a239\" long_name: \"Gabriel\" short_name: \"GER\" hw_model: PRIVATE_HW"
}
id: 2528867463
hop_limit: 3

from: 2972534216
to: 4294967295
channel: 179
decoded {
  portnum: TEXT_MESSAGE_APP
  payload: "Soy Inigo"
}
id: 4024039647
hop_limit: 3

from: 3406996025
to: 4294967295
channel: 179
decoded {
  portnum: NODEINFO_APP
  payload: "id: \"!cb12a239\" long_name: \"Gabriel\" short_name: \"GER\" hw_model: PRIVATE_HW"
}
id: 917013877
hop_limit: 3

from: 3406996025
to: 4294967295
channel: 179
decoded {
  portnum: POSITION_APP
  payload: "latitude_i: 681775600 longitude_i: 814957800 altitude: 0 time: 1766854836"
  want_response: true
}
id: 917013878
hop_limit: 3

from: 3406996025
to: 4294967295
channel: 179
decoded {
  portnum: TEXT_MESSAGE_APP
  payload: "Mensaje desde el ordenador de Gabriel"
}
id: 917013879
hop_limit: 3

from: 2972534216
to: 4294967295
channel: 179
decoded {
  portnum: NODEINFO_APP
  payload: "id: \"!b12d45c8\" long_name: \"Inigo\" short_name: \"INI\" hw_model: PRIVATE_HW"
}
id: 3162258048
hop_limit: 3

from: 2972534216
to: 4294967295
channel: 179
decoded {
  portnum: POSITION_APP
  payload: "latitude_i: 0 longitude_i: 0 altitude: 0 time: 1766854900"
  want_response: true
}
id: 3162258049
hop_limit: 3

from: 2972534216
to: 4294967295
channel: 179
decoded {
  portnum: TEXT_MESSAGE_APP
  payload: "Soy Inigo"
}
id: 3162258050
hop_limit: 3

from: 2972534216
to: 4294967295
channel: 179
decoded {
  portnum: NODEINFO_APP
  payload: "id: \"!b12d45c8\" long_name: \"Inigo\" short_name: \"INI\" hw_model: PRIVATE_HW"
}
id: 1875210439
hop_limit: 3

from: 2972534216
to: 4294967295
channel: 179
decoded {
  portnum: POSITION_APP
  payload: "latitude_i: 0 longitude_i: 0 altitude: 0 time: 1766855064"
  want_response: true
}
id: 1875210440
hop_limit: 3

from: 2972534216
to: 4294967295
channel: 179
decoded {
  portnum: TEXT_MESSAGE_APP
  payload: "Soy Inigo"
}
id: 1875210441
hop_limit: 3

from: 2972534216
to: 4294967295
channel: 179
decoded {
  portnum: NODEINFO_APP
  payload: "id: \"!b12d45c8\" long_name: \"Inigo\" short_name: \"INI\" hw_model: PRIVATE_HW"
}
id: 2235663309
hop_limit: 3

from: 2972534216
to: 4294967295
channel: 179
decoded {
  portnum: POSITION_APP
  payload: "latitude_i: 0 longitude_i: 0 altitude: 0 time: 1766855087"
  want_response: true
}
id: 2235663310
hop_limit: 3

from: 2972534216
to: 4294967295
channel: 179
decoded {
  portnum: TEXT_MESSAGE_APP
  payload: "Soy Inigo"
}
id: 2235663311
hop_limit: 3

from: 3406996025
to: 4294967295
channel: 179
decoded {
  portnum: NODEINFO_APP
  payload: "id: \"!cb12a239\" long_name: \"Gabriel\" short_name: \"GER\" hw_model: PRIVATE_HW"
}
id: 4103426714
hop_limit: 3

from: 3406996025
to: 4294967295
channel: 179
decoded {
  portnum: POSITION_APP
  payload: "latitude_i: 681775600 longitude_i: 814957800 altitude: 0 time: 1766855159"
  want_response: true
}
id: 4103426715
hop_limit: 3

from: 3406996025
to: 4294967295
channel: 179
decoded {
  portnum: TEXT_MESSAGE_APP
  payload: "Mensaje desde el ordenador de Gabriel"
}
id: 4103426716
hop_limit: 3

from: 2972534216
to: 4294967295
channel: 179
decoded {
  portnum: NODEINFO_APP
  payload: "id: \"!b12d45c8\" long_name: \"Inigo\" short_name: \"INI\" hw_model: PRIVATE_HW"
}
id: 343653036
hop_limit: 3

from: 2972534216
to: 4294967295
channel: 179
decoded {
  portnum: NODEINFO_APP
  payload: "id: \"!b12d45c8\" long_name: \"Inigo\" short_name: \"INI\" hw_model: PRIVATE_HW"
}
id: 3017073849
hop_limit: 3

from: 2972534216
to: 4294967295
channel: 179
decoded {
  portnum: POSITION_APP
  payload: "latitude_i: 0 longitude_i: 0 altitude: 0 time: 1766855466"
  want_response: true
}
id: 3017073850
hop_limit: 3

from: 2972534216
to: 4294967295
channel: 179
decoded {
  portnum: TEXT_MESSAGE_APP
  payload: "Soy Inigo"
}
id: 3017073851
hop_limit: 3

from: 2972534216
to: 4294967295
channel: 179
decoded {
  portnum: NODEINFO_APP
  payload: "id: \"!b12d45c8\" long_name: \"Inigo\" short_name: \"INI\" hw_model: PRIVATE_HW"
}
id: 1915708909
hop_limit: 3

from: 2972534216
to: 4294967295
channel: 179
decoded {
  portnum: POSITION_APP
  payload: "latitude_i: 0 longitude_i: 0 altitude: 0 time: 1766855505"
  want_response: true
}
id: 1915708910
hop_limit: 3

from: 2972534216
to: 4294967295
channel: 179
decoded {
  portnum: NODEINFO_APP
  payload: "id: \"!b12d45c8\" long_name: \"Inigo\" short_name: \"INI\" hw_model: PRIVATE_HW"
}
id: 1906588826
hop_limit: 3

from: 2972534216
to: 4294967295
channel: 179
decoded {
  portnum: POSITION_APP
  payload: "latitude_i: 0 longitude_i: 0 altitude: 0 time: 1766855515"
  want_response: true
}
id: 1906588827
hop_limit: 3

from: 2972534216
to: 4294967295
channel: 179
decoded {
  portnum: TEXT_MESSAGE_APP
  payload: "Soy Inigo"
}
id: 1906588828
hop_limit: 3

from: 2882381985
to: 4294967295
channel: 179
decoded {
  portnum: NODEINFO_APP
  payload: "id: \"!abcda8a1\" long_name: \"Alejandro\" short_name: \"AGG\" hw_model: PRIVATE_HW"
}
id: 2112172634
hop_limit: 3

from: 2882381985
to: 4294967295
channel: 179
decoded {
  portnum: TEXT_MESSAGE_APP
  payload: "Jaime donde estan las notas??? Feliz Navifdad!!!"
}
id: 2112172635
hop_limit: 3

from: 2882381985
to: 4294967295
channel: 179
decoded {
  portnum: NODEINFO_APP
  payload: "id: \"!abcda8a1\" long_name: \"Alejandro\" short_name: \"AGG\" hw_model: PRIVATE_HW"
}
id: 1840402789
hop_limit: 3

